<?xml version="1.0" encoding="UTF-8"?>
<!-- Generated by org.testng.reporters.JUnitReportReporter -->
<testsuite hostname="DESKTOP-8IF7O58" failures="0" tests="4" name="runnerPack.RunnerTest" time="53.294" errors="0" timestamp="2020-12-07T10:21:59 EST" skipped="0">
  <testcase classname="runnerPack.RunnerTest" name="runScenario" time="12.799"/>
  <system-out/>
  <testcase classname="runnerPack.RunnerTest" name="runScenario" time="12.627"/>
  <system-out/>
  <testcase classname="runnerPack.RunnerTest" name="runScenario" time="15.771"/>
  <system-out/>
  <testcase classname="runnerPack.RunnerTest" name="runScenario" time="12.097"/>
  <system-out/>
</testsuite> <!-- runnerPack.RunnerTest -->
